{"C:\\Users\\Hp\\Desktop\\ecommerce-app\\productBackend\\src\\controllers\\Product.controller.js": {"path":"C:\\Users\\Hp\\Desktop\\ecommerce-app\\productBackend\\src\\controllers\\Product.controller.js","statementMap":{"0":{"start":{"line":1,"column":21},"end":{"line":1,"column":55}},"1":{"start":{"line":2,"column":17},"end":{"line":2,"column":48}},"2":{"start":{"line":3,"column":23},"end":{"line":3,"column":40}},"3":{"start":{"line":7,"column":22},"end":{"line":53,"column":1}},"4":{"start":{"line":8,"column":4},"end":{"line":52,"column":5}},"5":{"start":{"line":9,"column":90},"end":{"line":9,"column":98}},"6":{"start":{"line":10,"column":23},"end":{"line":10,"column":32}},"7":{"start":{"line":12,"column":8},"end":{"line":17,"column":9}},"8":{"start":{"line":13,"column":12},"end":{"line":16,"column":15}},"9":{"start":{"line":19,"column":31},"end":{"line":27,"column":60}},"10":{"start":{"line":21,"column":16},"end":{"line":25,"column":18}},"11":{"start":{"line":27,"column":26},"end":{"line":27,"column":59}},"12":{"start":{"line":27,"column":48},"end":{"line":27,"column":58}},"13":{"start":{"line":29,"column":24},"end":{"line":39,"column":10}},"14":{"start":{"line":41,"column":8},"end":{"line":44,"column":11}},"15":{"start":{"line":47,"column":8},"end":{"line":47,"column":54}},"16":{"start":{"line":48,"column":8},"end":{"line":51,"column":11}},"17":{"start":{"line":58,"column":22},"end":{"line":84,"column":1}},"18":{"start":{"line":59,"column":4},"end":{"line":83,"column":5}},"19":{"start":{"line":60,"column":23},"end":{"line":60,"column":33}},"20":{"start":{"line":62,"column":31},"end":{"line":62,"column":79}},"21":{"start":{"line":64,"column":8},"end":{"line":69,"column":9}},"22":{"start":{"line":65,"column":12},"end":{"line":68,"column":15}},"23":{"start":{"line":71,"column":8},"end":{"line":75,"column":11}},"24":{"start":{"line":78,"column":8},"end":{"line":78,"column":52}},"25":{"start":{"line":79,"column":8},"end":{"line":82,"column":11}},"26":{"start":{"line":87,"column":0},"end":{"line":87,"column":50}}},"fnMap":{"0":{"name":"(anonymous_0)","decl":{"start":{"line":7,"column":22},"end":{"line":7,"column":23}},"loc":{"start":{"line":7,"column":42},"end":{"line":53,"column":1}},"line":7},"1":{"name":"(anonymous_1)","decl":{"start":{"line":20,"column":23},"end":{"line":20,"column":24}},"loc":{"start":{"line":21,"column":16},"end":{"line":25,"column":18}},"line":21},"2":{"name":"(anonymous_2)","decl":{"start":{"line":27,"column":15},"end":{"line":27,"column":16}},"loc":{"start":{"line":27,"column":26},"end":{"line":27,"column":59}},"line":27},"3":{"name":"(anonymous_3)","decl":{"start":{"line":27,"column":38},"end":{"line":27,"column":39}},"loc":{"start":{"line":27,"column":48},"end":{"line":27,"column":58}},"line":27},"4":{"name":"(anonymous_4)","decl":{"start":{"line":58,"column":22},"end":{"line":58,"column":23}},"loc":{"start":{"line":58,"column":42},"end":{"line":84,"column":1}},"line":58}},"branchMap":{"0":{"loc":{"start":{"line":12,"column":8},"end":{"line":17,"column":9}},"type":"if","locations":[{"start":{"line":12,"column":8},"end":{"line":17,"column":9}},{"start":{},"end":{}}],"line":12},"1":{"loc":{"start":{"line":12,"column":12},"end":{"line":12,"column":42}},"type":"binary-expr","locations":[{"start":{"line":12,"column":12},"end":{"line":12,"column":19}},{"start":{"line":12,"column":23},"end":{"line":12,"column":42}}],"line":12},"2":{"loc":{"start":{"line":50,"column":21},"end":{"line":50,"column":64}},"type":"binary-expr","locations":[{"start":{"line":50,"column":21},"end":{"line":50,"column":34}},{"start":{"line":50,"column":38},"end":{"line":50,"column":64}}],"line":50},"3":{"loc":{"start":{"line":64,"column":8},"end":{"line":69,"column":9}},"type":"if","locations":[{"start":{"line":64,"column":8},"end":{"line":69,"column":9}},{"start":{},"end":{}}],"line":64}},"s":{"0":1,"1":1,"2":1,"3":1,"4":2,"5":2,"6":2,"7":2,"8":1,"9":1,"10":1,"11":1,"12":1,"13":1,"14":1,"15":0,"16":0,"17":1,"18":2,"19":2,"20":2,"21":2,"22":1,"23":1,"24":0,"25":0,"26":1},"f":{"0":2,"1":1,"2":1,"3":1,"4":2},"b":{"0":[1,1],"1":[2,2],"2":[0,0],"3":[1,1]},"_coverageSchema":"1a1c01bbd47fc00a2c39e90264f33305004495a9","hash":"5765014914014dc35ce407b0e03480202ed3de20"}
,"C:\\Users\\Hp\\Desktop\\ecommerce-app\\productBackend\\src\\models\\product.model.js": {"path":"C:\\Users\\Hp\\Desktop\\ecommerce-app\\productBackend\\src\\models\\product.model.js","statementMap":{"0":{"start":{"line":1,"column":17},"end":{"line":1,"column":36}},"1":{"start":{"line":3,"column":22},"end":{"line":49,"column":2}},"2":{"start":{"line":51,"column":0},"end":{"line":51,"column":57}}},"fnMap":{},"branchMap":{},"s":{"0":1,"1":1,"2":1},"f":{},"b":{},"_coverageSchema":"1a1c01bbd47fc00a2c39e90264f33305004495a9","hash":"27b99a3d62afeb1ec113439d7ce04e3ff49ae612"}
,"C:\\Users\\Hp\\Desktop\\ecommerce-app\\productBackend\\src\\services\\ImageKit.js": {"path":"C:\\Users\\Hp\\Desktop\\ecommerce-app\\productBackend\\src\\services\\ImageKit.js","statementMap":{"0":{"start":{"line":1,"column":0},"end":{"line":1,"column":26}},"1":{"start":{"line":2,"column":17},"end":{"line":2,"column":36}},"2":{"start":{"line":4,"column":17},"end":{"line":10,"column":2}},"3":{"start":{"line":12,"column":0},"end":{"line":12,"column":26}}},"fnMap":{},"branchMap":{},"s":{"0":1,"1":1,"2":1,"3":1},"f":{},"b":{},"_coverageSchema":"1a1c01bbd47fc00a2c39e90264f33305004495a9","hash":"602733c54cbe7370dfe6e13a7e1c4bb85a100233"}
}
