{"C:\\Users\\Hp\\Desktop\\ecommerce-app\\product\\src\\controllers\\Product.controller.js": {"path":"C:\\Users\\Hp\\Desktop\\ecommerce-app\\product\\src\\controllers\\Product.controller.js","statementMap":{"0":{"start":{"line":1,"column":21},"end":{"line":1,"column":55}},"1":{"start":{"line":2,"column":17},"end":{"line":2,"column":48}},"2":{"start":{"line":3,"column":23},"end":{"line":3,"column":40}},"3":{"start":{"line":7,"column":22},"end":{"line":53,"column":1}},"4":{"start":{"line":8,"column":4},"end":{"line":52,"column":5}},"5":{"start":{"line":9,"column":90},"end":{"line":9,"column":98}},"6":{"start":{"line":10,"column":23},"end":{"line":10,"column":32}},"7":{"start":{"line":12,"column":8},"end":{"line":17,"column":9}},"8":{"start":{"line":13,"column":12},"end":{"line":16,"column":15}},"9":{"start":{"line":19,"column":31},"end":{"line":27,"column":60}},"10":{"start":{"line":21,"column":16},"end":{"line":25,"column":18}},"11":{"start":{"line":27,"column":26},"end":{"line":27,"column":59}},"12":{"start":{"line":27,"column":48},"end":{"line":27,"column":58}},"13":{"start":{"line":29,"column":24},"end":{"line":39,"column":10}},"14":{"start":{"line":41,"column":8},"end":{"line":44,"column":11}},"15":{"start":{"line":47,"column":8},"end":{"line":47,"column":54}},"16":{"start":{"line":48,"column":8},"end":{"line":51,"column":11}},"17":{"start":{"line":58,"column":22},"end":{"line":84,"column":1}},"18":{"start":{"line":59,"column":4},"end":{"line":83,"column":5}},"19":{"start":{"line":60,"column":23},"end":{"line":60,"column":33}},"20":{"start":{"line":62,"column":31},"end":{"line":62,"column":79}},"21":{"start":{"line":64,"column":8},"end":{"line":69,"column":9}},"22":{"start":{"line":65,"column":12},"end":{"line":68,"column":15}},"23":{"start":{"line":71,"column":8},"end":{"line":75,"column":11}},"24":{"start":{"line":78,"column":8},"end":{"line":78,"column":52}},"25":{"start":{"line":79,"column":8},"end":{"line":82,"column":11}},"26":{"start":{"line":88,"column":20},"end":{"line":101,"column":1}},"27":{"start":{"line":89,"column":4},"end":{"line":100,"column":5}},"28":{"start":{"line":90,"column":21},"end":{"line":90,"column":48}},"29":{"start":{"line":91,"column":22},"end":{"line":91,"column":51}},"30":{"start":{"line":92,"column":25},"end":{"line":93,"column":25}},"31":{"start":{"line":95,"column":8},"end":{"line":95,"column":84}},"32":{"start":{"line":95,"column":23},"end":{"line":95,"column":84}},"33":{"start":{"line":97,"column":8},"end":{"line":97,"column":49}},"34":{"start":{"line":99,"column":8},"end":{"line":99,"column":77}},"35":{"start":{"line":105,"column":25},"end":{"line":117,"column":1}},"36":{"start":{"line":106,"column":4},"end":{"line":116,"column":5}},"37":{"start":{"line":107,"column":23},"end":{"line":107,"column":33}},"38":{"start":{"line":109,"column":24},"end":{"line":109,"column":63}},"39":{"start":{"line":111,"column":8},"end":{"line":111,"column":83}},"40":{"start":{"line":111,"column":22},"end":{"line":111,"column":83}},"41":{"start":{"line":113,"column":8},"end":{"line":113,"column":48}},"42":{"start":{"line":115,"column":8},"end":{"line":115,"column":77}},"43":{"start":{"line":121,"column":15},"end":{"line":138,"column":1}},"44":{"start":{"line":122,"column":4},"end":{"line":137,"column":5}},"45":{"start":{"line":123,"column":28},"end":{"line":123,"column":38}},"46":{"start":{"line":125,"column":24},"end":{"line":132,"column":10}},"47":{"start":{"line":134,"column":8},"end":{"line":134,"column":70}},"48":{"start":{"line":136,"column":8},"end":{"line":136,"column":77}},"49":{"start":{"line":142,"column":0},"end":{"line":142,"column":89}}},"fnMap":{"0":{"name":"(anonymous_0)","decl":{"start":{"line":7,"column":22},"end":{"line":7,"column":23}},"loc":{"start":{"line":7,"column":42},"end":{"line":53,"column":1}},"line":7},"1":{"name":"(anonymous_1)","decl":{"start":{"line":20,"column":23},"end":{"line":20,"column":24}},"loc":{"start":{"line":21,"column":16},"end":{"line":25,"column":18}},"line":21},"2":{"name":"(anonymous_2)","decl":{"start":{"line":27,"column":15},"end":{"line":27,"column":16}},"loc":{"start":{"line":27,"column":26},"end":{"line":27,"column":59}},"line":27},"3":{"name":"(anonymous_3)","decl":{"start":{"line":27,"column":38},"end":{"line":27,"column":39}},"loc":{"start":{"line":27,"column":48},"end":{"line":27,"column":58}},"line":27},"4":{"name":"(anonymous_4)","decl":{"start":{"line":58,"column":22},"end":{"line":58,"column":23}},"loc":{"start":{"line":58,"column":42},"end":{"line":84,"column":1}},"line":58},"5":{"name":"(anonymous_5)","decl":{"start":{"line":88,"column":20},"end":{"line":88,"column":21}},"loc":{"start":{"line":88,"column":40},"end":{"line":101,"column":1}},"line":88},"6":{"name":"(anonymous_6)","decl":{"start":{"line":105,"column":25},"end":{"line":105,"column":26}},"loc":{"start":{"line":105,"column":45},"end":{"line":117,"column":1}},"line":105},"7":{"name":"(anonymous_7)","decl":{"start":{"line":121,"column":15},"end":{"line":121,"column":16}},"loc":{"start":{"line":121,"column":35},"end":{"line":138,"column":1}},"line":121}},"branchMap":{"0":{"loc":{"start":{"line":12,"column":8},"end":{"line":17,"column":9}},"type":"if","locations":[{"start":{"line":12,"column":8},"end":{"line":17,"column":9}},{"start":{},"end":{}}],"line":12},"1":{"loc":{"start":{"line":12,"column":12},"end":{"line":12,"column":42}},"type":"binary-expr","locations":[{"start":{"line":12,"column":12},"end":{"line":12,"column":19}},{"start":{"line":12,"column":23},"end":{"line":12,"column":42}}],"line":12},"2":{"loc":{"start":{"line":50,"column":21},"end":{"line":50,"column":64}},"type":"binary-expr","locations":[{"start":{"line":50,"column":21},"end":{"line":50,"column":34}},{"start":{"line":50,"column":38},"end":{"line":50,"column":64}}],"line":50},"3":{"loc":{"start":{"line":64,"column":8},"end":{"line":69,"column":9}},"type":"if","locations":[{"start":{"line":64,"column":8},"end":{"line":69,"column":9}},{"start":{},"end":{}}],"line":64},"4":{"loc":{"start":{"line":90,"column":21},"end":{"line":90,"column":48}},"type":"binary-expr","locations":[{"start":{"line":90,"column":21},"end":{"line":90,"column":43}},{"start":{"line":90,"column":47},"end":{"line":90,"column":48}}],"line":90},"5":{"loc":{"start":{"line":91,"column":22},"end":{"line":91,"column":51}},"type":"binary-expr","locations":[{"start":{"line":91,"column":22},"end":{"line":91,"column":45}},{"start":{"line":91,"column":49},"end":{"line":91,"column":51}}],"line":91},"6":{"loc":{"start":{"line":95,"column":8},"end":{"line":95,"column":84}},"type":"if","locations":[{"start":{"line":95,"column":8},"end":{"line":95,"column":84}},{"start":{},"end":{}}],"line":95},"7":{"loc":{"start":{"line":111,"column":8},"end":{"line":111,"column":83}},"type":"if","locations":[{"start":{"line":111,"column":8},"end":{"line":111,"column":83}},{"start":{},"end":{}}],"line":111}},"s":{"0":1,"1":1,"2":1,"3":1,"4":2,"5":2,"6":2,"7":2,"8":1,"9":1,"10":1,"11":1,"12":1,"13":1,"14":1,"15":0,"16":0,"17":1,"18":2,"19":2,"20":2,"21":2,"22":1,"23":1,"24":0,"25":0,"26":1,"27":0,"28":0,"29":0,"30":0,"31":0,"32":0,"33":0,"34":0,"35":1,"36":0,"37":0,"38":0,"39":0,"40":0,"41":0,"42":0,"43":1,"44":0,"45":0,"46":0,"47":0,"48":0,"49":1},"f":{"0":2,"1":1,"2":1,"3":1,"4":2,"5":0,"6":0,"7":0},"b":{"0":[1,1],"1":[2,2],"2":[0,0],"3":[1,1],"4":[0,0],"5":[0,0],"6":[0,0],"7":[0,0]},"_coverageSchema":"1a1c01bbd47fc00a2c39e90264f33305004495a9","hash":"60f58588c8f0c7617e583a85989e8f50e79a55ff"}
,"C:\\Users\\Hp\\Desktop\\ecommerce-app\\product\\src\\models\\product.model.js": {"path":"C:\\Users\\Hp\\Desktop\\ecommerce-app\\product\\src\\models\\product.model.js","statementMap":{"0":{"start":{"line":1,"column":17},"end":{"line":1,"column":36}},"1":{"start":{"line":3,"column":22},"end":{"line":49,"column":2}},"2":{"start":{"line":51,"column":0},"end":{"line":51,"column":57}}},"fnMap":{},"branchMap":{},"s":{"0":1,"1":1,"2":1},"f":{},"b":{},"_coverageSchema":"1a1c01bbd47fc00a2c39e90264f33305004495a9","hash":"ac72f75415e7e8fd7df11d64a934e1301f2eedae"}
,"C:\\Users\\Hp\\Desktop\\ecommerce-app\\product\\src\\services\\ImageKit.js": {"path":"C:\\Users\\Hp\\Desktop\\ecommerce-app\\product\\src\\services\\ImageKit.js","statementMap":{"0":{"start":{"line":1,"column":0},"end":{"line":1,"column":26}},"1":{"start":{"line":2,"column":17},"end":{"line":2,"column":36}},"2":{"start":{"line":4,"column":17},"end":{"line":10,"column":2}},"3":{"start":{"line":12,"column":0},"end":{"line":12,"column":26}}},"fnMap":{},"branchMap":{},"s":{"0":1,"1":1,"2":1,"3":1},"f":{},"b":{},"_coverageSchema":"1a1c01bbd47fc00a2c39e90264f33305004495a9","hash":"52de91d6e669aa3e405675fb981b9d810180ba36"}
}
