TN:
SF:src\controllers\Product.controller.js
FN:7,(anonymous_0)
FN:20,(anonymous_1)
FN:27,(anonymous_2)
FN:27,(anonymous_3)
FN:58,(anonymous_4)
FN:88,(anonymous_5)
FN:105,(anonymous_6)
FN:121,(anonymous_7)
FNF:8
FNH:8
FNDA:4,(anonymous_0)
FNDA:3,(anonymous_1)
FNDA:2,(anonymous_2)
FNDA:2,(anonymous_3)
FNDA:3,(anonymous_4)
FNDA:2,(anonymous_5)
FNDA:3,(anonymous_6)
FNDA:2,(anonymous_7)
DA:1,1
DA:2,1
DA:3,1
DA:7,1
DA:8,4
DA:9,4
DA:10,4
DA:12,4
DA:13,1
DA:19,3
DA:21,3
DA:27,2
DA:29,2
DA:41,1
DA:47,2
DA:48,2
DA:58,1
DA:59,3
DA:60,3
DA:62,3
DA:64,2
DA:65,1
DA:71,1
DA:78,1
DA:79,1
DA:88,1
DA:89,2
DA:90,2
DA:91,2
DA:92,2
DA:95,1
DA:97,1
DA:99,1
DA:105,1
DA:106,3
DA:107,3
DA:109,3
DA:111,2
DA:113,1
DA:115,1
DA:121,1
DA:122,2
DA:123,2
DA:125,2
DA:134,1
DA:136,1
DA:142,1
LF:47
LH:47
BRDA:12,0,0,1
BRDA:12,0,1,3
BRDA:12,1,0,4
BRDA:12,1,1,4
BRDA:50,2,0,2
BRDA:50,2,1,0
BRDA:64,3,0,1
BRDA:64,3,1,1
BRDA:90,4,0,2
BRDA:90,4,1,1
BRDA:91,5,0,2
BRDA:91,5,1,1
BRDA:95,6,0,0
BRDA:95,6,1,1
BRDA:111,7,0,1
BRDA:111,7,1,1
BRF:16
BRH:14
end_of_record
TN:
SF:src\models\product.model.js
FNF:0
FNH:0
DA:1,1
DA:3,1
DA:51,1
LF:3
LH:3
BRF:0
BRH:0
end_of_record
TN:
SF:src\services\ImageKit.js
FNF:0
FNH:0
DA:1,1
DA:2,1
DA:4,1
DA:12,1
LF:4
LH:4
BRF:0
BRH:0
end_of_record
